[2022-06-14 17:54:02 +0000] [7481] [INFO] Starting gunicorn 20.1.0
[2022-06-14 17:54:03 +0000] [7481] [ERROR] Retrying in 1 second.
[2022-06-14 17:54:04 +0000] [7481] [ERROR] Retrying in 1 second.
[2022-06-14 17:54:05 +0000] [7481] [ERROR] Retrying in 1 second.
[2022-06-14 17:54:06 +0000] [7481] [ERROR] Retrying in 1 second.
[2022-06-14 17:54:07 +0000] [7481] [ERROR] Retrying in 1 second.
[2022-06-14 17:54:08 +0000] [7481] [ERROR] Can't connect to ('<ip>', 5000)
[2022-06-14 17:54:28 +0000] [7528] [INFO] Starting gunicorn 20.1.0
[2022-06-14 17:54:28 +0000] [7528] [ERROR] Retrying in 1 second.
[2022-06-14 17:54:29 +0000] [7528] [ERROR] Retrying in 1 second.
[2022-06-14 17:54:30 +0000] [7540] [INFO] Starting gunicorn 20.1.0
[2022-06-14 17:54:30 +0000] [7540] [ERROR] Retrying in 1 second.
[2022-06-14 17:54:30 +0000] [7528] [ERROR] Retrying in 1 second.
[2022-06-14 17:54:31 +0000] [7540] [ERROR] Retrying in 1 second.
[2022-06-14 17:54:31 +0000] [7528] [ERROR] Retrying in 1 second.
[2022-06-14 17:54:32 +0000] [7540] [ERROR] Retrying in 1 second.
[2022-06-14 17:54:32 +0000] [7528] [ERROR] Retrying in 1 second.
[2022-06-14 17:54:33 +0000] [7540] [ERROR] Retrying in 1 second.
[2022-06-14 17:54:33 +0000] [7528] [ERROR] Can't connect to ('<ip>', 5000)
[2022-06-14 17:54:34 +0000] [7540] [ERROR] Retrying in 1 second.
[2022-06-14 17:54:35 +0000] [7540] [ERROR] Can't connect to ('<ip>', 5000)
[2022-06-14 17:55:08 +0000] [7596] [INFO] Starting gunicorn 20.1.0
[2022-06-14 17:55:08 +0000] [7596] [INFO] Listening at: http://0.0.0.0:5000 (7596)
[2022-06-14 17:55:08 +0000] [7596] [INFO] Using worker: sync
[2022-06-14 17:55:08 +0000] [7603] [INFO] Booting worker with pid: 7603
[2022-06-14 17:55:08 +0000] [7604] [INFO] Booting worker with pid: 7604
[2022-06-14 17:55:08 +0000] [7605] [INFO] Booting worker with pid: 7605
[2022-06-14 17:55:08 +0000] [7609] [INFO] Booting worker with pid: 7609
[2022-06-14 17:55:08 +0000] [7612] [INFO] Booting worker with pid: 7612
[2022-06-14 17:55:12 +0000] [7604] [ERROR] Error handling request /socket.io/?EIO=4&transport=polling&t=O5ZMku1&sid=d3awf92pq633oOXZAAAA
Traceback (most recent call last):
  File "/home/ubuntu/.local/lib/python3.6/site-packages/gunicorn/workers/sync.py", line 136, in handle
    self.handle_request(listener, req, client, addr)
  File "/home/ubuntu/.local/lib/python3.6/site-packages/gunicorn/workers/sync.py", line 179, in handle_request
    respiter = self.wsgi(environ, resp.start_response)
  File "/usr/local/lib/python3.6/dist-packages/flask/app.py", line 2463, in __call__
    return self.wsgi_app(environ, start_response)
  File "/home/ubuntu/.local/lib/python3.6/site-packages/flask_socketio/__init__.py", line 44, in __call__
    start_response)
  File "/home/ubuntu/.local/lib/python3.6/site-packages/engineio/middleware.py", line 63, in __call__
    return self.engineio_app.handle_request(environ, start_response)
  File "/home/ubuntu/.local/lib/python3.6/site-packages/socketio/server.py", line 597, in handle_request
    return self.eio.handle_request(environ, start_response)
  File "/home/ubuntu/.local/lib/python3.6/site-packages/engineio/server.py", line 429, in handle_request
    socket = self._get_socket(sid)
  File "/home/ubuntu/.local/lib/python3.6/site-packages/engineio/server.py", line 638, in _get_socket
    raise KeyError('Session is disconnected')
KeyError: 'Session is disconnected'
[2022-06-14 17:55:14 +0000] [7612] [ERROR] Error handling request /socket.io/?EIO=4&transport=polling&t=O5ZMlLE&sid=4S9brcEgnUpF7hweAAAA
Traceback (most recent call last):
  File "/home/ubuntu/.local/lib/python3.6/site-packages/gunicorn/workers/sync.py", line 136, in handle
    self.handle_request(listener, req, client, addr)
  File "/home/ubuntu/.local/lib/python3.6/site-packages/gunicorn/workers/sync.py", line 179, in handle_request
    respiter = self.wsgi(environ, resp.start_response)
  File "/usr/local/lib/python3.6/dist-packages/flask/app.py", line 2463, in __call__
    return self.wsgi_app(environ, start_response)
  File "/home/ubuntu/.local/lib/python3.6/site-packages/flask_socketio/__init__.py", line 44, in __call__
    start_response)
  File "/home/ubuntu/.local/lib/python3.6/site-packages/engineio/middleware.py", line 63, in __call__
    return self.engineio_app.handle_request(environ, start_response)
  File "/home/ubuntu/.local/lib/python3.6/site-packages/socketio/server.py", line 597, in handle_request
    return self.eio.handle_request(environ, start_response)
  File "/home/ubuntu/.local/lib/python3.6/site-packages/engineio/server.py", line 429, in handle_request
    socket = self._get_socket(sid)
  File "/home/ubuntu/.local/lib/python3.6/site-packages/engineio/server.py", line 638, in _get_socket
    raise KeyError('Session is disconnected')
KeyError: 'Session is disconnected'
[2022-06-14 17:55:24 +0000] [7605] [INFO] Worker reloading: config/settings.py modified
[2022-06-14 17:55:24 +0000] [7609] [INFO] Worker reloading: config/settings.py modified
[2022-06-14 17:55:24 +0000] [7612] [INFO] Worker reloading: config/settings.py modified
[2022-06-14 17:55:25 +0000] [7603] [INFO] Worker reloading: config/settings.py modified
[2022-06-14 17:55:25 +0000] [7604] [INFO] Worker reloading: config/settings.py modified
[2022-06-14 17:55:38 +0000] [7604] [INFO] Worker exiting (pid: 7604)
[2022-06-14 17:55:43 +0000] [7605] [INFO] Worker exiting (pid: 7605)
[2022-06-14 17:55:43 +0000] [7609] [INFO] Worker exiting (pid: 7609)
[2022-06-14 17:55:47 +0000] [7612] [INFO] Worker exiting (pid: 7612)
[2022-06-14 17:55:49 +0000] [7603] [INFO] Worker exiting (pid: 7603)
[2022-06-14 17:55:51 +0000] [7596] [INFO] Handling signal: term
[2022-06-14 17:56:21 +0000] [7596] [INFO] Shutting down: Master
[2022-06-14 17:57:48 +0000] [7841] [INFO] Starting gunicorn 20.1.0
[2022-06-14 17:57:48 +0000] [7841] [INFO] Listening at: http://0.0.0.0:8000 (7841)
[2022-06-14 17:57:48 +0000] [7841] [INFO] Using worker: sync
[2022-06-14 17:57:48 +0000] [7848] [INFO] Booting worker with pid: 7848
[2022-06-14 17:57:48 +0000] [7849] [INFO] Booting worker with pid: 7849
[2022-06-14 17:57:48 +0000] [7851] [INFO] Booting worker with pid: 7851
[2022-06-14 17:57:48 +0000] [7852] [INFO] Booting worker with pid: 7852
[2022-06-14 17:57:48 +0000] [7853] [INFO] Booting worker with pid: 7853
[2022-06-14 17:59:44 +0000] [8167] [INFO] Starting gunicorn 20.1.0
[2022-06-14 17:59:44 +0000] [8167] [ERROR] Connection in use: ('0.0.0.0', 8000)
[2022-06-14 17:59:44 +0000] [8167] [ERROR] Retrying in 1 second.
[2022-06-14 17:59:45 +0000] [8167] [ERROR] Connection in use: ('0.0.0.0', 8000)
[2022-06-14 17:59:45 +0000] [8167] [ERROR] Retrying in 1 second.
[2022-06-14 17:59:46 +0000] [8167] [ERROR] Connection in use: ('0.0.0.0', 8000)
[2022-06-14 17:59:46 +0000] [8167] [ERROR] Retrying in 1 second.
[2022-06-14 17:59:48 +0000] [8167] [ERROR] Connection in use: ('0.0.0.0', 8000)
[2022-06-14 17:59:48 +0000] [8167] [ERROR] Retrying in 1 second.
[2022-06-14 17:59:49 +0000] [8167] [ERROR] Connection in use: ('0.0.0.0', 8000)
[2022-06-14 17:59:49 +0000] [8167] [ERROR] Retrying in 1 second.
[2022-06-14 17:59:50 +0000] [8167] [ERROR] Can't connect to ('0.0.0.0', 8000)
[2022-06-14 18:00:53 +0000] [7841] [INFO] Handling signal: term
[2022-06-14 18:00:53 +0000] [7851] [INFO] Worker exiting (pid: 7851)
[2022-06-14 18:00:54 +0000] [7849] [INFO] Worker exiting (pid: 7849)
[2022-06-14 18:01:11 +0000] [7848] [INFO] Worker exiting (pid: 7848)
[2022-06-14 18:01:13 +0000] [7852] [INFO] Worker exiting (pid: 7852)
[2022-06-14 18:01:17 +0000] [7853] [INFO] Worker exiting (pid: 7853)
[2022-06-14 18:01:23 +0000] [7841] [INFO] Shutting down: Master
[2022-06-14 18:04:17 +0000] [8556] [INFO] Starting gunicorn 20.1.0
[2022-06-14 18:04:17 +0000] [8556] [INFO] Listening at: http://0.0.0.0:8000 (8556)
[2022-06-14 18:04:17 +0000] [8556] [INFO] Using worker: sync
[2022-06-14 18:04:17 +0000] [8563] [INFO] Booting worker with pid: 8563
[2022-06-14 18:04:17 +0000] [8564] [INFO] Booting worker with pid: 8564
[2022-06-14 18:04:17 +0000] [8565] [INFO] Booting worker with pid: 8565
[2022-06-14 18:04:18 +0000] [8566] [INFO] Booting worker with pid: 8566
[2022-06-14 18:04:18 +0000] [8568] [INFO] Booting worker with pid: 8568
[2022-06-14 18:04:34 +0000] [8565] [ERROR] Error handling request /socket.io/?EIO=4&transport=polling&t=O5ZOtzB&sid=hROl6SDWr4fjVytKAAAC
Traceback (most recent call last):
  File "/home/ubuntu/.local/lib/python3.6/site-packages/gunicorn/workers/sync.py", line 136, in handle
    self.handle_request(listener, req, client, addr)
  File "/home/ubuntu/.local/lib/python3.6/site-packages/gunicorn/workers/sync.py", line 179, in handle_request
    respiter = self.wsgi(environ, resp.start_response)
  File "/usr/local/lib/python3.6/dist-packages/flask/app.py", line 2463, in __call__
    return self.wsgi_app(environ, start_response)
  File "/home/ubuntu/.local/lib/python3.6/site-packages/flask_socketio/__init__.py", line 44, in __call__
    start_response)
  File "/home/ubuntu/.local/lib/python3.6/site-packages/engineio/middleware.py", line 63, in __call__
    return self.engineio_app.handle_request(environ, start_response)
  File "/home/ubuntu/.local/lib/python3.6/site-packages/socketio/server.py", line 597, in handle_request
    return self.eio.handle_request(environ, start_response)
  File "/home/ubuntu/.local/lib/python3.6/site-packages/engineio/server.py", line 409, in handle_request
    socket = self._get_socket(sid)
  File "/home/ubuntu/.local/lib/python3.6/site-packages/engineio/server.py", line 638, in _get_socket
    raise KeyError('Session is disconnected')
KeyError: 'Session is disconnected'
[2022-06-14 18:05:48 +0000] [8556] [INFO] Handling signal: term
[2022-06-14 18:05:48 +0000] [8563] [INFO] Worker exiting (pid: 8563)
[2022-06-14 18:05:48 +0000] [8564] [INFO] Worker exiting (pid: 8564)
[2022-06-14 18:05:48 +0000] [8568] [INFO] Worker exiting (pid: 8568)
[2022-06-14 18:05:48 +0000] [8566] [INFO] Worker exiting (pid: 8566)
[2022-06-14 18:05:58 +0000] [8565] [INFO] Worker exiting (pid: 8565)
[2022-06-14 18:06:18 +0000] [8556] [INFO] Shutting down: Master
[2022-06-14 18:16:33 +0000] [9539] [INFO] Starting gunicorn 20.1.0
[2022-06-14 18:16:33 +0000] [9539] [INFO] Listening at: http://0.0.0.0:8000 (9539)
[2022-06-14 18:16:33 +0000] [9539] [INFO] Using worker: sync
[2022-06-14 18:16:33 +0000] [9546] [INFO] Booting worker with pid: 9546
[2022-06-14 18:16:33 +0000] [9547] [INFO] Booting worker with pid: 9547
[2022-06-14 18:16:33 +0000] [9548] [INFO] Booting worker with pid: 9548
[2022-06-14 18:16:33 +0000] [9549] [INFO] Booting worker with pid: 9549
[2022-06-14 18:16:33 +0000] [9552] [INFO] Booting worker with pid: 9552
[2022-06-14 18:19:11 +0000] [9546] [INFO] Worker reloading: config/settings.py modified
[2022-06-14 18:19:11 +0000] [9546] [INFO] Worker exiting (pid: 9546)
[2022-06-14 18:19:11 +0000] [9735] [INFO] Booting worker with pid: 9735
[2022-06-14 18:19:11 +0000] [9548] [INFO] Worker reloading: config/settings.py modified
[2022-06-14 18:19:11 +0000] [9548] [INFO] Worker exiting (pid: 9548)
[2022-06-14 18:19:11 +0000] [9738] [INFO] Booting worker with pid: 9738
[2022-06-14 18:19:11 +0000] [9552] [INFO] Worker reloading: config/settings.py modified
[2022-06-14 18:19:11 +0000] [9552] [INFO] Worker exiting (pid: 9552)
[2022-06-14 18:19:11 +0000] [9740] [INFO] Booting worker with pid: 9740
[2022-06-14 18:19:11 +0000] [9547] [INFO] Worker reloading: config/settings.py modified
[2022-06-14 18:19:11 +0000] [9547] [INFO] Worker exiting (pid: 9547)
[2022-06-14 18:19:11 +0000] [9549] [INFO] Worker reloading: config/settings.py modified
[2022-06-14 18:19:11 +0000] [9549] [INFO] Worker exiting (pid: 9549)
[2022-06-14 18:19:12 +0000] [9745] [INFO] Booting worker with pid: 9745
[2022-06-14 18:19:12 +0000] [9746] [INFO] Booting worker with pid: 9746
[2022-06-14 18:19:18 +0000] [9735] [INFO] Worker reloading: config/settings.py modified
[2022-06-14 18:19:18 +0000] [9735] [INFO] Worker exiting (pid: 9735)
[2022-06-14 18:19:18 +0000] [9762] [INFO] Booting worker with pid: 9762
[2022-06-14 18:19:18 +0000] [9738] [INFO] Worker reloading: config/settings.py modified
[2022-06-14 18:19:18 +0000] [9738] [INFO] Worker exiting (pid: 9738)
[2022-06-14 18:19:18 +0000] [9765] [INFO] Booting worker with pid: 9765
[2022-06-14 18:19:18 +0000] [9740] [INFO] Worker reloading: config/settings.py modified
[2022-06-14 18:19:18 +0000] [9740] [INFO] Worker exiting (pid: 9740)
[2022-06-14 18:19:18 +0000] [9766] [INFO] Booting worker with pid: 9766
[2022-06-14 18:19:18 +0000] [9746] [INFO] Worker reloading: config/settings.py modified
[2022-06-14 18:19:18 +0000] [9746] [INFO] Worker exiting (pid: 9746)
[2022-06-14 18:19:18 +0000] [9745] [INFO] Worker reloading: config/settings.py modified
[2022-06-14 18:19:18 +0000] [9745] [INFO] Worker exiting (pid: 9745)
[2022-06-14 18:19:18 +0000] [9771] [INFO] Booting worker with pid: 9771
[2022-06-14 18:19:18 +0000] [9773] [INFO] Booting worker with pid: 9773
[2022-06-14 18:19:19 +0000] [9765] [INFO] Worker reloading: config/settings.py modified
[2022-06-14 18:19:19 +0000] [9765] [INFO] Worker exiting (pid: 9765)
[2022-06-14 18:19:20 +0000] [9784] [INFO] Booting worker with pid: 9784
[2022-06-14 18:19:20 +0000] [9766] [INFO] Worker reloading: config/settings.py modified
[2022-06-14 18:19:20 +0000] [9766] [INFO] Worker exiting (pid: 9766)
[2022-06-14 18:19:20 +0000] [9785] [INFO] Booting worker with pid: 9785
[2022-06-14 18:19:20 +0000] [9771] [INFO] Worker reloading: config/settings.py modified
[2022-06-14 18:19:20 +0000] [9771] [INFO] Worker exiting (pid: 9771)
[2022-06-14 18:19:20 +0000] [9773] [INFO] Worker reloading: config/settings.py modified
[2022-06-14 18:19:20 +0000] [9773] [INFO] Worker exiting (pid: 9773)
[2022-06-14 18:19:20 +0000] [9788] [INFO] Booting worker with pid: 9788
[2022-06-14 18:19:20 +0000] [9790] [INFO] Booting worker with pid: 9790
[2022-06-14 18:19:20 +0000] [9762] [INFO] Worker reloading: config/settings.py modified
[2022-06-14 18:19:20 +0000] [9762] [INFO] Worker exiting (pid: 9762)
[2022-06-14 18:19:20 +0000] [9798] [INFO] Booting worker with pid: 9798
[2022-06-14 18:19:23 +0000] [9784] [INFO] Worker reloading: config/settings.py modified
[2022-06-14 18:19:23 +0000] [9784] [INFO] Worker exiting (pid: 9784)
[2022-06-14 18:19:23 +0000] [9785] [INFO] Worker reloading: config/settings.py modified
[2022-06-14 18:19:23 +0000] [9785] [INFO] Worker exiting (pid: 9785)
[2022-06-14 18:19:23 +0000] [9807] [INFO] Booting worker with pid: 9807
[2022-06-14 18:19:23 +0000] [9809] [INFO] Booting worker with pid: 9809
[2022-06-14 18:19:23 +0000] [9788] [INFO] Worker reloading: config/settings.py modified
[2022-06-14 18:19:23 +0000] [9788] [INFO] Worker exiting (pid: 9788)
[2022-06-14 18:19:23 +0000] [9790] [INFO] Worker reloading: config/settings.py modified
[2022-06-14 18:19:23 +0000] [9790] [INFO] Worker exiting (pid: 9790)
[2022-06-14 18:19:23 +0000] [9811] [INFO] Booting worker with pid: 9811
[2022-06-14 18:19:24 +0000] [9814] [INFO] Booting worker with pid: 9814
[2022-06-14 18:19:24 +0000] [9798] [INFO] Worker reloading: config/settings.py modified
[2022-06-14 18:19:24 +0000] [9798] [INFO] Worker exiting (pid: 9798)
[2022-06-14 18:19:24 +0000] [9819] [INFO] Booting worker with pid: 9819
[2022-06-14 18:20:12 +0000] [9807] [INFO] Worker reloading: config/settings.py modified
[2022-06-14 18:20:12 +0000] [9807] [INFO] Worker exiting (pid: 9807)
[2022-06-14 18:20:12 +0000] [9809] [INFO] Worker reloading: config/settings.py modified
[2022-06-14 18:20:12 +0000] [9809] [INFO] Worker exiting (pid: 9809)
[2022-06-14 18:20:12 +0000] [9811] [INFO] Worker reloading: config/settings.py modified
[2022-06-14 18:20:12 +0000] [9814] [INFO] Worker reloading: config/settings.py modified
[2022-06-14 18:20:12 +0000] [9814] [INFO] Worker exiting (pid: 9814)
[2022-06-14 18:20:12 +0000] [9819] [INFO] Worker reloading: config/settings.py modified
[2022-06-14 18:20:25 +0000] [9819] [INFO] Worker exiting (pid: 9819)
[2022-06-14 18:20:31 +0000] [9811] [INFO] Worker exiting (pid: 9811)
[2022-06-14 18:21:04 +0000] [9539] [INFO] Handling signal: term
[2022-06-14 18:21:34 +0000] [9539] [WARNING] Worker with pid 9814 was terminated due to signal 9
[2022-06-14 18:21:34 +0000] [9539] [WARNING] Worker with pid 9819 was terminated due to signal 9
[2022-06-14 18:21:34 +0000] [9539] [INFO] Shutting down: Master
